<?xml version="1.0" encoding="UTF-8"?>
<!-- Generated by org.testng.reporters.JUnitReportReporter -->
<testsuite hostname="praveen-PC" name="dec30.Sample" tests="1" failures="0" timestamp="30 Dec 2015 07:09:53 GMT" time="9.662" errors="0">
  <testcase name="sampleTest" time="9.662" classname="dec30.Sample"/>
</testsuite> <!-- dec30.Sample -->
