<?xml version="1.0" encoding="UTF-8"?>
<!-- Generated by org.testng.reporters.JUnitReportReporter -->
<testsuite hostname="praveen-PC" name="dec30.ExtentReportGeneration" tests="1" failures="0" timestamp="30 Dec 2015 11:23:11 GMT" time="42.548" errors="0">
  <testcase name="reportTest" time="42.548" classname="dec30.ExtentReportGeneration"/>
</testsuite> <!-- dec30.ExtentReportGeneration -->
